2025-07-22 17:36:20,365 INFO supervisord started with pid 1
2025-07-22 17:36:21,369 INFO spawned: 'nginx' with pid 7
2025-07-22 17:36:21,372 INFO spawned: 'php-fpm' with pid 8
2025-07-22 17:36:21,378 WARN exited: nginx (exit status 1; not expected)
2025-07-22 17:36:22,404 INFO spawned: 'nginx' with pid 11
2025-07-22 17:36:22,405 INFO success: php-fpm entered RUNNING state, process has stayed up for > than 1 seconds (startsecs)
2025-07-22 17:36:22,414 WARN exited: nginx (exit status 1; not expected)
2025-07-22 17:36:24,418 INFO spawned: 'nginx' with pid 12
2025-07-22 17:36:24,429 WARN exited: nginx (exit status 1; not expected)
2025-07-22 17:36:27,435 INFO spawned: 'nginx' with pid 13
2025-07-22 17:36:27,444 WARN exited: nginx (exit status 1; not expected)
2025-07-22 17:36:28,446 INFO gave up: nginx entered FATAL state, too many start retries too quickly
2025-07-22 18:02:57,933 WARN received SIGQUIT indicating exit request
2025-07-22 18:02:57,934 INFO waiting for php-fpm to die
2025-07-22 18:02:57,943 INFO stopped: php-fpm (exit status 0)
2025-07-22 18:03:04,484 INFO supervisord started with pid 1
2025-07-22 18:03:05,488 INFO spawned: 'nginx' with pid 7
2025-07-22 18:03:05,491 INFO spawned: 'php-fpm' with pid 8
2025-07-22 18:03:05,499 WARN exited: nginx (exit status 1; not expected)
2025-07-22 18:03:06,529 INFO spawned: 'nginx' with pid 11
2025-07-22 18:03:06,530 INFO success: php-fpm entered RUNNING state, process has stayed up for > than 1 seconds (startsecs)
2025-07-22 18:03:06,540 WARN exited: nginx (exit status 1; not expected)
2025-07-22 18:03:08,545 INFO spawned: 'nginx' with pid 12
2025-07-22 18:03:08,554 WARN exited: nginx (exit status 1; not expected)
2025-07-22 18:03:11,561 INFO spawned: 'nginx' with pid 13
2025-07-22 18:03:11,572 WARN exited: nginx (exit status 1; not expected)
2025-07-22 18:03:12,573 INFO gave up: nginx entered FATAL state, too many start retries too quickly
2025-07-22 18:07:40,868 WARN received SIGQUIT indicating exit request
2025-07-22 18:07:40,869 INFO waiting for php-fpm to die
2025-07-22 18:07:40,876 INFO stopped: php-fpm (exit status 0)
2025-07-22 18:08:01,152 INFO supervisord started with pid 1
2025-07-22 18:08:02,156 INFO spawned: 'nginx' with pid 7
2025-07-22 18:08:02,159 INFO spawned: 'php-fpm' with pid 8
2025-07-22 18:08:02,170 WARN exited: nginx (exit status 1; not expected)
2025-07-22 18:08:03,206 INFO spawned: 'nginx' with pid 11
2025-07-22 18:08:03,207 INFO success: php-fpm entered RUNNING state, process has stayed up for > than 1 seconds (startsecs)
2025-07-22 18:08:03,218 WARN exited: nginx (exit status 1; not expected)
2025-07-22 18:08:05,222 INFO spawned: 'nginx' with pid 12
2025-07-22 18:08:05,236 WARN exited: nginx (exit status 1; not expected)
2025-07-22 18:08:08,243 INFO spawned: 'nginx' with pid 13
2025-07-22 18:08:08,253 WARN exited: nginx (exit status 1; not expected)
2025-07-22 18:08:09,254 INFO gave up: nginx entered FATAL state, too many start retries too quickly
2025-07-22 18:09:42,949 WARN received SIGQUIT indicating exit request
2025-07-22 18:09:42,950 INFO waiting for php-fpm to die
2025-07-22 18:09:42,959 INFO stopped: php-fpm (exit status 0)
2025-07-22 18:09:48,290 INFO supervisord started with pid 1
2025-07-22 18:09:49,294 INFO spawned: 'nginx' with pid 7
2025-07-22 18:09:49,297 INFO spawned: 'php-fpm' with pid 8
2025-07-22 18:09:49,304 WARN exited: nginx (exit status 1; not expected)
2025-07-22 18:09:50,334 INFO spawned: 'nginx' with pid 11
2025-07-22 18:09:50,334 INFO success: php-fpm entered RUNNING state, process has stayed up for > than 1 seconds (startsecs)
2025-07-22 18:09:50,344 WARN exited: nginx (exit status 1; not expected)
2025-07-22 18:09:52,888 INFO spawned: 'nginx' with pid 12
2025-07-22 18:09:52,899 WARN exited: nginx (exit status 1; not expected)
2025-07-22 18:09:55,905 INFO spawned: 'nginx' with pid 13
2025-07-22 18:09:55,916 WARN exited: nginx (exit status 1; not expected)
2025-07-22 18:09:56,918 INFO gave up: nginx entered FATAL state, too many start retries too quickly
2025-07-22 21:41:48,110 WARN received SIGQUIT indicating exit request
2025-07-22 21:41:48,110 INFO waiting for php-fpm to die
2025-07-22 21:41:48,116 INFO stopped: php-fpm (exit status 0)
2025-07-22 21:41:54,256 INFO supervisord started with pid 1
2025-07-22 21:41:55,260 INFO spawned: 'nginx' with pid 7
2025-07-22 21:41:55,263 INFO spawned: 'php-fpm' with pid 8
2025-07-22 21:41:55,269 WARN exited: nginx (exit status 1; not expected)
2025-07-22 21:41:56,299 INFO spawned: 'nginx' with pid 11
2025-07-22 21:41:56,300 INFO success: php-fpm entered RUNNING state, process has stayed up for > than 1 seconds (startsecs)
2025-07-22 21:41:56,309 WARN exited: nginx (exit status 1; not expected)
2025-07-22 21:41:58,315 INFO spawned: 'nginx' with pid 12
2025-07-22 21:41:58,326 WARN exited: nginx (exit status 1; not expected)
2025-07-22 21:42:01,333 INFO spawned: 'nginx' with pid 13
2025-07-22 21:42:01,344 WARN exited: nginx (exit status 1; not expected)
2025-07-22 21:42:02,345 INFO gave up: nginx entered FATAL state, too many start retries too quickly
2025-07-22 21:42:13,357 WARN received SIGQUIT indicating exit request
2025-07-22 21:42:13,357 INFO waiting for php-fpm to die
2025-07-22 21:42:13,366 INFO stopped: php-fpm (exit status 0)
2025-07-22 21:49:01,850 INFO supervisord started with pid 1
2025-07-22 21:49:02,854 INFO spawned: 'nginx' with pid 7
2025-07-22 21:49:02,858 INFO spawned: 'php-fpm' with pid 8
2025-07-22 21:49:02,865 WARN exited: nginx (exit status 1; not expected)
2025-07-22 21:49:03,895 INFO spawned: 'nginx' with pid 11
2025-07-22 21:49:03,896 INFO success: php-fpm entered RUNNING state, process has stayed up for > than 1 seconds (startsecs)
2025-07-22 21:49:03,905 WARN exited: nginx (exit status 1; not expected)
2025-07-22 21:49:05,910 INFO spawned: 'nginx' with pid 12
2025-07-22 21:49:05,920 WARN exited: nginx (exit status 1; not expected)
2025-07-22 21:49:08,928 INFO spawned: 'nginx' with pid 13
2025-07-22 21:49:08,938 WARN exited: nginx (exit status 1; not expected)
2025-07-22 21:49:09,940 INFO gave up: nginx entered FATAL state, too many start retries too quickly
2025-07-23 09:10:46,250 WARN received SIGQUIT indicating exit request
2025-07-23 09:10:46,251 INFO waiting for php-fpm to die
2025-07-23 09:10:46,259 INFO stopped: php-fpm (exit status 0)
2025-07-23 09:10:57,378 INFO supervisord started with pid 1
2025-07-23 09:10:58,383 INFO spawned: 'nginx' with pid 7
2025-07-23 09:10:58,386 INFO spawned: 'php-fpm' with pid 8
2025-07-23 09:10:58,394 WARN exited: nginx (exit status 1; not expected)
2025-07-23 09:10:59,414 INFO spawned: 'nginx' with pid 11
2025-07-23 09:10:59,415 INFO success: php-fpm entered RUNNING state, process has stayed up for > than 1 seconds (startsecs)
2025-07-23 09:10:59,425 WARN exited: nginx (exit status 1; not expected)
2025-07-23 09:11:01,431 INFO spawned: 'nginx' with pid 12
2025-07-23 09:11:01,443 WARN exited: nginx (exit status 1; not expected)
2025-07-23 09:11:04,451 INFO spawned: 'nginx' with pid 13
2025-07-23 09:11:04,462 WARN exited: nginx (exit status 1; not expected)
2025-07-23 09:11:05,464 INFO gave up: nginx entered FATAL state, too many start retries too quickly
2025-07-23 10:36:21,784 WARN received SIGQUIT indicating exit request
2025-07-23 10:36:21,784 INFO waiting for php-fpm to die
2025-07-23 10:36:21,792 INFO stopped: php-fpm (exit status 0)
2025-07-23 10:36:26,793 INFO supervisord started with pid 1
2025-07-23 10:36:27,795 INFO spawned: 'nginx' with pid 7
2025-07-23 10:36:27,797 INFO spawned: 'php-fpm' with pid 8
2025-07-23 10:36:27,807 WARN exited: nginx (exit status 1; not expected)
2025-07-23 10:36:28,829 INFO spawned: 'nginx' with pid 11
2025-07-23 10:36:28,830 INFO success: php-fpm entered RUNNING state, process has stayed up for > than 1 seconds (startsecs)
2025-07-23 10:36:28,842 WARN exited: nginx (exit status 1; not expected)
2025-07-23 10:36:30,847 INFO spawned: 'nginx' with pid 12
2025-07-23 10:36:30,863 WARN exited: nginx (exit status 1; not expected)
2025-07-23 10:36:34,280 INFO spawned: 'nginx' with pid 13
2025-07-23 10:36:34,291 WARN exited: nginx (exit status 1; not expected)
2025-07-23 10:36:35,292 INFO gave up: nginx entered FATAL state, too many start retries too quickly
2025-07-23 10:37:34,357 WARN received SIGQUIT indicating exit request
2025-07-23 10:37:34,358 INFO waiting for php-fpm to die
2025-07-23 10:37:34,367 INFO stopped: php-fpm (exit status 0)
2025-07-23 10:37:39,534 INFO supervisord started with pid 1
2025-07-23 10:37:40,538 INFO spawned: 'nginx' with pid 7
2025-07-23 10:37:40,541 INFO spawned: 'php-fpm' with pid 8
2025-07-23 10:37:40,549 WARN exited: nginx (exit status 1; not expected)
2025-07-23 10:37:41,570 INFO spawned: 'nginx' with pid 11
2025-07-23 10:37:41,571 INFO success: php-fpm entered RUNNING state, process has stayed up for > than 1 seconds (startsecs)
2025-07-23 10:37:41,581 WARN exited: nginx (exit status 1; not expected)
2025-07-23 10:37:43,587 INFO spawned: 'nginx' with pid 12
2025-07-23 10:37:43,599 WARN exited: nginx (exit status 1; not expected)
2025-07-23 10:37:46,826 INFO spawned: 'nginx' with pid 13
2025-07-23 10:37:46,840 WARN exited: nginx (exit status 1; not expected)
2025-07-23 10:37:47,841 INFO gave up: nginx entered FATAL state, too many start retries too quickly
2025-07-23 11:54:32,213 INFO supervisord started with pid 1
2025-07-23 11:54:33,216 INFO spawned: 'nginx' with pid 7
2025-07-23 11:54:33,219 INFO spawned: 'php-fpm' with pid 8
2025-07-23 11:54:33,229 WARN exited: nginx (exit status 1; not expected)
2025-07-23 11:54:34,268 INFO spawned: 'nginx' with pid 11
2025-07-23 11:54:34,268 INFO success: php-fpm entered RUNNING state, process has stayed up for > than 1 seconds (startsecs)
2025-07-23 11:54:34,281 WARN exited: nginx (exit status 1; not expected)
2025-07-23 11:54:36,286 INFO spawned: 'nginx' with pid 12
2025-07-23 11:54:36,304 WARN exited: nginx (exit status 1; not expected)
2025-07-23 11:54:39,310 INFO spawned: 'nginx' with pid 13
2025-07-23 11:54:39,325 WARN exited: nginx (exit status 1; not expected)
2025-07-23 11:54:40,326 INFO gave up: nginx entered FATAL state, too many start retries too quickly
2025-07-23 11:55:14,362 WARN received SIGQUIT indicating exit request
2025-07-23 11:55:14,362 INFO waiting for php-fpm to die
2025-07-23 11:55:14,370 INFO stopped: php-fpm (exit status 0)
2025-07-23 11:55:18,414 INFO supervisord started with pid 1
2025-07-23 11:55:19,419 INFO spawned: 'nginx' with pid 7
2025-07-23 11:55:19,421 INFO spawned: 'php-fpm' with pid 8
2025-07-23 11:55:19,433 WARN exited: nginx (exit status 1; not expected)
2025-07-23 11:55:20,468 INFO spawned: 'nginx' with pid 11
2025-07-23 11:55:20,469 INFO success: php-fpm entered RUNNING state, process has stayed up for > than 1 seconds (startsecs)
2025-07-23 11:55:20,483 WARN exited: nginx (exit status 1; not expected)
2025-07-23 11:55:22,488 INFO spawned: 'nginx' with pid 12
2025-07-23 11:55:22,504 WARN exited: nginx (exit status 1; not expected)
2025-07-23 11:55:25,509 INFO spawned: 'nginx' with pid 13
2025-07-23 11:55:25,522 WARN exited: nginx (exit status 1; not expected)
2025-07-23 11:55:26,523 INFO gave up: nginx entered FATAL state, too many start retries too quickly
2025-07-23 11:57:47,747 WARN received SIGQUIT indicating exit request
2025-07-23 11:57:47,748 INFO waiting for php-fpm to die
2025-07-23 11:57:47,757 INFO stopped: php-fpm (exit status 0)
2025-07-23 11:57:52,905 INFO supervisord started with pid 1
2025-07-23 11:57:53,910 INFO spawned: 'nginx' with pid 7
2025-07-23 11:57:53,913 INFO spawned: 'php-fpm' with pid 8
2025-07-23 11:57:53,923 WARN exited: nginx (exit status 1; not expected)
2025-07-23 11:57:54,959 INFO spawned: 'nginx' with pid 11
2025-07-23 11:57:54,959 INFO success: php-fpm entered RUNNING state, process has stayed up for > than 1 seconds (startsecs)
2025-07-23 11:57:54,971 WARN exited: nginx (exit status 1; not expected)
2025-07-23 11:57:57,019 INFO spawned: 'nginx' with pid 12
2025-07-23 11:57:57,030 WARN exited: nginx (exit status 1; not expected)
2025-07-23 11:58:00,036 INFO spawned: 'nginx' with pid 13
2025-07-23 11:58:00,051 WARN exited: nginx (exit status 1; not expected)
2025-07-23 11:58:01,051 INFO gave up: nginx entered FATAL state, too many start retries too quickly
2025-07-23 12:02:15,306 WARN received SIGQUIT indicating exit request
2025-07-23 12:02:15,307 INFO waiting for php-fpm to die
2025-07-23 12:02:15,316 INFO stopped: php-fpm (exit status 0)
2025-07-23 12:02:36,188 INFO supervisord started with pid 1
2025-07-23 12:02:37,192 INFO spawned: 'nginx' with pid 7
2025-07-23 12:02:37,195 INFO spawned: 'php-fpm' with pid 8
2025-07-23 12:02:37,208 WARN exited: nginx (exit status 1; not expected)
2025-07-23 12:02:38,251 INFO spawned: 'nginx' with pid 11
2025-07-23 12:02:38,252 INFO success: php-fpm entered RUNNING state, process has stayed up for > than 1 seconds (startsecs)
2025-07-23 12:02:38,264 WARN exited: nginx (exit status 1; not expected)
2025-07-23 12:02:40,269 INFO spawned: 'nginx' with pid 12
2025-07-23 12:02:40,282 WARN exited: nginx (exit status 1; not expected)
2025-07-23 12:02:43,392 INFO spawned: 'nginx' with pid 13
2025-07-23 12:02:43,404 WARN exited: nginx (exit status 1; not expected)
2025-07-23 12:02:44,406 INFO gave up: nginx entered FATAL state, too many start retries too quickly
2025-07-23 12:12:17,012 WARN received SIGQUIT indicating exit request
2025-07-23 12:12:17,012 INFO waiting for php-fpm to die
2025-07-23 12:12:17,021 INFO stopped: php-fpm (exit status 0)
2025-07-23 12:12:20,667 INFO supervisord started with pid 1
2025-07-23 12:12:21,670 INFO spawned: 'nginx' with pid 7
2025-07-23 12:12:21,675 INFO spawned: 'php-fpm' with pid 8
2025-07-23 12:12:21,688 WARN exited: nginx (exit status 1; not expected)
2025-07-23 12:12:22,734 INFO spawned: 'nginx' with pid 11
2025-07-23 12:12:22,735 INFO success: php-fpm entered RUNNING state, process has stayed up for > than 1 seconds (startsecs)
2025-07-23 12:12:22,747 WARN exited: nginx (exit status 1; not expected)
2025-07-23 12:12:24,752 INFO spawned: 'nginx' with pid 12
2025-07-23 12:12:24,767 WARN exited: nginx (exit status 1; not expected)
2025-07-23 12:12:28,318 INFO spawned: 'nginx' with pid 13
2025-07-23 12:12:28,331 WARN exited: nginx (exit status 1; not expected)
2025-07-23 12:12:29,331 INFO gave up: nginx entered FATAL state, too many start retries too quickly
2025-07-23 12:35:02,882 WARN received SIGQUIT indicating exit request
2025-07-23 12:35:02,882 INFO waiting for php-fpm to die
2025-07-23 12:35:02,891 INFO stopped: php-fpm (exit status 0)
2025-07-23 12:35:09,264 INFO supervisord started with pid 1
2025-07-23 12:35:10,267 INFO spawned: 'nginx' with pid 8
2025-07-23 12:35:10,270 INFO spawned: 'php-fpm' with pid 9
2025-07-23 12:35:10,281 WARN exited: nginx (exit status 1; not expected)
2025-07-23 12:35:11,321 INFO spawned: 'nginx' with pid 12
2025-07-23 12:35:11,322 INFO success: php-fpm entered RUNNING state, process has stayed up for > than 1 seconds (startsecs)
2025-07-23 12:35:11,332 WARN exited: nginx (exit status 1; not expected)
2025-07-23 12:35:13,337 INFO spawned: 'nginx' with pid 13
2025-07-23 12:35:13,349 WARN exited: nginx (exit status 1; not expected)
2025-07-23 12:35:16,869 INFO spawned: 'nginx' with pid 14
2025-07-23 12:35:16,883 WARN exited: nginx (exit status 1; not expected)
2025-07-23 12:35:17,883 INFO gave up: nginx entered FATAL state, too many start retries too quickly
2025-07-23 12:44:45,523 WARN received SIGQUIT indicating exit request
2025-07-23 12:44:45,525 INFO waiting for php-fpm to die
2025-07-23 12:44:45,534 INFO stopped: php-fpm (exit status 0)
2025-07-23 12:45:04,176 INFO supervisord started with pid 1
2025-07-23 12:45:05,179 INFO spawned: 'nginx' with pid 7
2025-07-23 12:45:05,183 INFO spawned: 'php-fpm' with pid 8
2025-07-23 12:45:05,202 WARN exited: nginx (exit status 1; not expected)
2025-07-23 12:45:06,244 INFO spawned: 'nginx' with pid 11
2025-07-23 12:45:06,245 INFO success: php-fpm entered RUNNING state, process has stayed up for > than 1 seconds (startsecs)
2025-07-23 12:45:06,256 WARN exited: nginx (exit status 1; not expected)
2025-07-23 12:45:08,261 INFO spawned: 'nginx' with pid 12
2025-07-23 12:45:08,274 WARN exited: nginx (exit status 1; not expected)
2025-07-23 12:45:11,279 INFO spawned: 'nginx' with pid 13
2025-07-23 12:45:11,280 WARN received SIGQUIT indicating exit request
2025-07-23 12:45:11,281 INFO waiting for nginx, php-fpm to die
2025-07-23 12:45:11,287 INFO stopped: php-fpm (exit status 0)
2025-07-23 12:45:11,288 WARN stopped: nginx (terminated by SIGTERM)
2025-07-23 12:45:11,998 INFO supervisord started with pid 1
2025-07-23 12:45:13,003 INFO spawned: 'nginx' with pid 7
2025-07-23 12:45:13,005 INFO spawned: 'php-fpm' with pid 8
2025-07-23 12:45:13,017 WARN exited: nginx (exit status 1; not expected)
2025-07-23 12:45:14,054 INFO spawned: 'nginx' with pid 11
2025-07-23 12:45:14,054 INFO success: php-fpm entered RUNNING state, process has stayed up for > than 1 seconds (startsecs)
2025-07-23 12:45:14,065 WARN exited: nginx (exit status 1; not expected)
2025-07-23 12:45:16,070 INFO spawned: 'nginx' with pid 12
2025-07-23 12:45:16,084 WARN exited: nginx (exit status 1; not expected)
2025-07-23 12:45:19,090 INFO spawned: 'nginx' with pid 13
2025-07-23 12:45:19,103 WARN exited: nginx (exit status 1; not expected)
2025-07-23 12:45:20,104 INFO gave up: nginx entered FATAL state, too many start retries too quickly
2025-07-23 12:49:49,330 WARN received SIGQUIT indicating exit request
2025-07-23 12:49:49,330 INFO waiting for php-fpm to die
2025-07-23 12:49:49,339 INFO stopped: php-fpm (exit status 0)
2025-07-23 12:49:59,705 INFO supervisord started with pid 1
2025-07-23 12:50:00,709 INFO spawned: 'nginx' with pid 7
2025-07-23 12:50:00,711 INFO spawned: 'php-fpm' with pid 8
2025-07-23 12:50:00,721 WARN exited: nginx (exit status 1; not expected)
2025-07-23 12:50:01,759 INFO spawned: 'nginx' with pid 11
2025-07-23 12:50:01,760 INFO success: php-fpm entered RUNNING state, process has stayed up for > than 1 seconds (startsecs)
2025-07-23 12:50:01,770 WARN exited: nginx (exit status 1; not expected)
2025-07-23 12:50:03,776 INFO spawned: 'nginx' with pid 12
2025-07-23 12:50:03,788 WARN exited: nginx (exit status 1; not expected)
2025-07-23 12:50:06,794 INFO spawned: 'nginx' with pid 13
2025-07-23 12:50:06,807 WARN exited: nginx (exit status 1; not expected)
2025-07-23 12:50:07,808 INFO gave up: nginx entered FATAL state, too many start retries too quickly
2025-07-23 12:55:07,153 WARN received SIGQUIT indicating exit request
2025-07-23 12:55:07,153 INFO waiting for php-fpm to die
2025-07-23 12:55:07,161 INFO stopped: php-fpm (exit status 0)
2025-07-23 12:55:43,159 INFO supervisord started with pid 1
2025-07-23 12:55:44,161 INFO spawned: 'nginx' with pid 7
2025-07-23 12:55:44,163 INFO spawned: 'php-fpm' with pid 8
2025-07-23 12:55:44,174 WARN exited: nginx (exit status 1; not expected)
2025-07-23 12:55:45,210 INFO spawned: 'nginx' with pid 11
2025-07-23 12:55:45,211 INFO success: php-fpm entered RUNNING state, process has stayed up for > than 1 seconds (startsecs)
2025-07-23 12:55:45,224 WARN exited: nginx (exit status 1; not expected)
2025-07-23 12:55:47,229 INFO spawned: 'nginx' with pid 12
2025-07-23 12:55:47,242 WARN exited: nginx (exit status 1; not expected)
2025-07-23 12:55:50,248 INFO spawned: 'nginx' with pid 13
2025-07-23 12:55:50,260 WARN exited: nginx (exit status 1; not expected)
2025-07-23 12:55:51,262 INFO gave up: nginx entered FATAL state, too many start retries too quickly
2025-07-23 13:03:20,745 WARN received SIGQUIT indicating exit request
2025-07-23 13:03:20,745 INFO waiting for php-fpm to die
2025-07-23 13:03:20,756 INFO stopped: php-fpm (exit status 0)
2025-07-23 13:03:41,674 INFO supervisord started with pid 1
2025-07-23 13:03:42,677 INFO spawned: 'nginx' with pid 7
2025-07-23 13:03:42,678 INFO spawned: 'php-fpm' with pid 8
2025-07-23 13:03:42,692 WARN exited: nginx (exit status 1; not expected)
2025-07-23 13:03:43,748 INFO spawned: 'nginx' with pid 11
2025-07-23 13:03:43,749 INFO success: php-fpm entered RUNNING state, process has stayed up for > than 1 seconds (startsecs)
2025-07-23 13:03:43,759 WARN exited: nginx (exit status 1; not expected)
2025-07-23 13:03:45,764 INFO spawned: 'nginx' with pid 12
2025-07-23 13:03:45,775 WARN exited: nginx (exit status 1; not expected)
2025-07-23 13:03:48,779 INFO spawned: 'nginx' with pid 13
2025-07-23 13:03:48,792 WARN exited: nginx (exit status 1; not expected)
2025-07-23 13:03:49,792 INFO gave up: nginx entered FATAL state, too many start retries too quickly
2025-07-23 13:04:54,860 WARN received SIGQUIT indicating exit request
2025-07-23 13:04:54,861 INFO waiting for php-fpm to die
2025-07-23 13:04:54,868 INFO stopped: php-fpm (exit status 0)
2025-07-23 13:05:09,243 INFO supervisord started with pid 1
2025-07-23 13:05:10,246 INFO spawned: 'nginx' with pid 7
2025-07-23 13:05:10,248 INFO spawned: 'php-fpm' with pid 8
2025-07-23 13:05:10,258 WARN exited: nginx (exit status 1; not expected)
2025-07-23 13:05:11,300 INFO spawned: 'nginx' with pid 11
2025-07-23 13:05:11,301 INFO success: php-fpm entered RUNNING state, process has stayed up for > than 1 seconds (startsecs)
2025-07-23 13:05:11,316 WARN exited: nginx (exit status 1; not expected)
2025-07-23 13:05:13,322 INFO spawned: 'nginx' with pid 12
2025-07-23 13:05:13,333 WARN exited: nginx (exit status 1; not expected)
2025-07-23 13:05:16,338 INFO spawned: 'nginx' with pid 13
2025-07-23 13:05:16,348 WARN exited: nginx (exit status 1; not expected)
2025-07-23 13:05:17,350 INFO gave up: nginx entered FATAL state, too many start retries too quickly
2025-07-24 10:20:01,652 INFO reaped unknown pid 32 (exit status 0)
2025-07-24 10:30:16,361 WARN received SIGQUIT indicating exit request
2025-07-24 10:30:16,370 INFO waiting for php-fpm to die
2025-07-24 10:30:16,407 INFO stopped: php-fpm (exit status 0)
